\\FILESTORAGE1.BTH.SE\STUDENTS\20122\CHMF12\VISUAL STUDIO 2012\PROJECTS\JAWSPROJECT3\JAWSPROJECT3\DEBUG\CAMERA.OBJ
\\FILESTORAGE1.BTH.SE\STUDENTS\20122\CHMF12\VISUAL STUDIO 2012\PROJECTS\JAWSPROJECT3\JAWSPROJECT3\DEBUG\CUSTOMMESHES.OBJ
\\FILESTORAGE1.BTH.SE\STUDENTS\20122\CHMF12\VISUAL STUDIO 2012\PROJECTS\JAWSPROJECT3\JAWSPROJECT3\DEBUG\DDSTEXTURELOADER.OBJ
\\FILESTORAGE1.BTH.SE\STUDENTS\20122\CHMF12\VISUAL STUDIO 2012\PROJECTS\JAWSPROJECT3\JAWSPROJECT3\DEBUG\FILEREADER.OBJ
\\FILESTORAGE1.BTH.SE\STUDENTS\20122\CHMF12\VISUAL STUDIO 2012\PROJECTS\JAWSPROJECT3\JAWSPROJECT3\DEBUG\GRAPHICHELPER.OBJ
\\FILESTORAGE1.BTH.SE\STUDENTS\20122\CHMF12\VISUAL STUDIO 2012\PROJECTS\JAWSPROJECT3\JAWSPROJECT3\DEBUG\MATHHELPER.OBJ
\\FILESTORAGE1.BTH.SE\STUDENTS\20122\CHMF12\VISUAL STUDIO 2012\PROJECTS\JAWSPROJECT3\JAWSPROJECT3\DEBUG\PARTICLESYSTEM.OBJ
\\FILESTORAGE1.BTH.SE\STUDENTS\20122\CHMF12\VISUAL STUDIO 2012\PROJECTS\JAWSPROJECT3\JAWSPROJECT3\DEBUG\SOURCE.OBJ
\\FILESTORAGE1.BTH.SE\STUDENTS\20122\CHMF12\VISUAL STUDIO 2012\PROJECTS\JAWSPROJECT3\JAWSPROJECT3\DEBUG\TERRAIN.OBJ
\\FILESTORAGE1.BTH.SE\STUDENTS\20122\CHMF12\VISUAL STUDIO 2012\PROJECTS\JAWSPROJECT3\JAWSPROJECT3\DEBUG\VC110.PDB
\\FILESTORAGE1.BTH.SE\STUDENTS\20122\CHMF12\VISUAL STUDIO 2012\PROJECTS\JAWSPROJECT3\DEBUG\DOMAINSHADER.CSO
\\FILESTORAGE1.BTH.SE\STUDENTS\20122\CHMF12\VISUAL STUDIO 2012\PROJECTS\JAWSPROJECT3\DEBUG\GEOMETRYSHADER.CSO
\\FILESTORAGE1.BTH.SE\STUDENTS\20122\CHMF12\VISUAL STUDIO 2012\PROJECTS\JAWSPROJECT3\DEBUG\GEOMETRYSHADER1.CSO
\\FILESTORAGE1.BTH.SE\STUDENTS\20122\CHMF12\VISUAL STUDIO 2012\PROJECTS\JAWSPROJECT3\DEBUG\GEOMETRYSHADER2.CSO
\\FILESTORAGE1.BTH.SE\STUDENTS\20122\CHMF12\VISUAL STUDIO 2012\PROJECTS\JAWSPROJECT3\DEBUG\HULLSHADER.CSO
\\FILESTORAGE1.BTH.SE\STUDENTS\20122\CHMF12\VISUAL STUDIO 2012\PROJECTS\JAWSPROJECT3\DEBUG\PIXELSHADER.CSO
\\FILESTORAGE1.BTH.SE\STUDENTS\20122\CHMF12\VISUAL STUDIO 2012\PROJECTS\JAWSPROJECT3\DEBUG\VERTEXSHADER.CSO
\\FILESTORAGE1.BTH.SE\STUDENTS\20122\CHMF12\VISUAL STUDIO 2012\PROJECTS\JAWSPROJECT3\DEBUG\JAWSPROJECT3.ILK
\\FILESTORAGE1.BTH.SE\STUDENTS\20122\CHMF12\VISUAL STUDIO 2012\PROJECTS\JAWSPROJECT3\DEBUG\JAWSPROJECT3.EXE
\\FILESTORAGE1.BTH.SE\STUDENTS\20122\CHMF12\VISUAL STUDIO 2012\PROJECTS\JAWSPROJECT3\DEBUG\JAWSPROJECT3.PDB
\\filestorage1.bth.se\students\20122\chmf12\Visual Studio 2012\Projects\JawsProject3\JawsProject3\Debug\Camera.obj
\\filestorage1.bth.se\students\20122\chmf12\Visual Studio 2012\Projects\JawsProject3\JawsProject3\Debug\CustomMeshes.obj
\\filestorage1.bth.se\students\20122\chmf12\Visual Studio 2012\Projects\JawsProject3\JawsProject3\Debug\DDSTextureLoader.obj
\\filestorage1.bth.se\students\20122\chmf12\Visual Studio 2012\Projects\JawsProject3\JawsProject3\Debug\FileReader.obj
\\filestorage1.bth.se\students\20122\chmf12\Visual Studio 2012\Projects\JawsProject3\JawsProject3\Debug\GraphicHelper.obj
\\filestorage1.bth.se\students\20122\chmf12\Visual Studio 2012\Projects\JawsProject3\JawsProject3\Debug\MathHelper.obj
\\filestorage1.bth.se\students\20122\chmf12\Visual Studio 2012\Projects\JawsProject3\JawsProject3\Debug\ParticleSystem.obj
\\filestorage1.bth.se\students\20122\chmf12\Visual Studio 2012\Projects\JawsProject3\JawsProject3\Debug\Source.obj
\\filestorage1.bth.se\students\20122\chmf12\Visual Studio 2012\Projects\JawsProject3\JawsProject3\Debug\Terrain.obj
\\filestorage1.bth.se\students\20122\chmf12\Visual Studio 2012\Projects\JawsProject3\JawsProject3\Debug\cl.command.1.tlog
\\filestorage1.bth.se\students\20122\chmf12\Visual Studio 2012\Projects\JawsProject3\JawsProject3\Debug\CL.read.1.tlog
\\filestorage1.bth.se\students\20122\chmf12\Visual Studio 2012\Projects\JawsProject3\JawsProject3\Debug\CL.write.1.tlog
\\filestorage1.bth.se\students\20122\chmf12\Visual Studio 2012\Projects\JawsProject3\JawsProject3\Debug\FXC.command.1.tlog
\\filestorage1.bth.se\students\20122\chmf12\Visual Studio 2012\Projects\JawsProject3\JawsProject3\Debug\fxc.read.1.tlog
\\filestorage1.bth.se\students\20122\chmf12\Visual Studio 2012\Projects\JawsProject3\JawsProject3\Debug\fxc.write.1.tlog
\\filestorage1.bth.se\students\20122\chmf12\Visual Studio 2012\Projects\JawsProject3\JawsProject3\Debug\JawsProject3.write.1.tlog
\\filestorage1.bth.se\students\20122\chmf12\Visual Studio 2012\Projects\JawsProject3\JawsProject3\Debug\link-cvtres.read.1.tlog
\\filestorage1.bth.se\students\20122\chmf12\Visual Studio 2012\Projects\JawsProject3\JawsProject3\Debug\link-cvtres.write.1.tlog
\\filestorage1.bth.se\students\20122\chmf12\Visual Studio 2012\Projects\JawsProject3\JawsProject3\Debug\link-rc.read.1.tlog
\\filestorage1.bth.se\students\20122\chmf12\Visual Studio 2012\Projects\JawsProject3\JawsProject3\Debug\link-rc.write.1.tlog
\\filestorage1.bth.se\students\20122\chmf12\Visual Studio 2012\Projects\JawsProject3\JawsProject3\Debug\link.1144-cvtres.read.1.tlog
\\filestorage1.bth.se\students\20122\chmf12\Visual Studio 2012\Projects\JawsProject3\JawsProject3\Debug\link.1144-cvtres.write.1.tlog
\\filestorage1.bth.se\students\20122\chmf12\Visual Studio 2012\Projects\JawsProject3\JawsProject3\Debug\link.1144-rc.read.1.tlog
\\filestorage1.bth.se\students\20122\chmf12\Visual Studio 2012\Projects\JawsProject3\JawsProject3\Debug\link.1144-rc.write.1.tlog
\\filestorage1.bth.se\students\20122\chmf12\Visual Studio 2012\Projects\JawsProject3\JawsProject3\Debug\link.1144.read.1.tlog
\\filestorage1.bth.se\students\20122\chmf12\Visual Studio 2012\Projects\JawsProject3\JawsProject3\Debug\link.1144.write.1.tlog
\\filestorage1.bth.se\students\20122\chmf12\Visual Studio 2012\Projects\JawsProject3\JawsProject3\Debug\link.1880-cvtres.read.1.tlog
\\filestorage1.bth.se\students\20122\chmf12\Visual Studio 2012\Projects\JawsProject3\JawsProject3\Debug\link.1880-cvtres.write.1.tlog
\\filestorage1.bth.se\students\20122\chmf12\Visual Studio 2012\Projects\JawsProject3\JawsProject3\Debug\link.1880-rc.read.1.tlog
\\filestorage1.bth.se\students\20122\chmf12\Visual Studio 2012\Projects\JawsProject3\JawsProject3\Debug\link.1880-rc.write.1.tlog
\\filestorage1.bth.se\students\20122\chmf12\Visual Studio 2012\Projects\JawsProject3\JawsProject3\Debug\link.1880.read.1.tlog
\\filestorage1.bth.se\students\20122\chmf12\Visual Studio 2012\Projects\JawsProject3\JawsProject3\Debug\link.1880.write.1.tlog
\\filestorage1.bth.se\students\20122\chmf12\Visual Studio 2012\Projects\JawsProject3\JawsProject3\Debug\link.4768-cvtres.read.1.tlog
\\filestorage1.bth.se\students\20122\chmf12\Visual Studio 2012\Projects\JawsProject3\JawsProject3\Debug\link.4768-cvtres.write.1.tlog
\\filestorage1.bth.se\students\20122\chmf12\Visual Studio 2012\Projects\JawsProject3\JawsProject3\Debug\link.4768-rc.read.1.tlog
\\filestorage1.bth.se\students\20122\chmf12\Visual Studio 2012\Projects\JawsProject3\JawsProject3\Debug\link.4768-rc.write.1.tlog
\\filestorage1.bth.se\students\20122\chmf12\Visual Studio 2012\Projects\JawsProject3\JawsProject3\Debug\link.4768.read.1.tlog
\\filestorage1.bth.se\students\20122\chmf12\Visual Studio 2012\Projects\JawsProject3\JawsProject3\Debug\link.4768.write.1.tlog
\\filestorage1.bth.se\students\20122\chmf12\Visual Studio 2012\Projects\JawsProject3\JawsProject3\Debug\link.4824-cvtres.read.1.tlog
\\filestorage1.bth.se\students\20122\chmf12\Visual Studio 2012\Projects\JawsProject3\JawsProject3\Debug\link.4824-cvtres.write.1.tlog
\\filestorage1.bth.se\students\20122\chmf12\Visual Studio 2012\Projects\JawsProject3\JawsProject3\Debug\link.4824-rc.read.1.tlog
\\filestorage1.bth.se\students\20122\chmf12\Visual Studio 2012\Projects\JawsProject3\JawsProject3\Debug\link.4824-rc.write.1.tlog
\\filestorage1.bth.se\students\20122\chmf12\Visual Studio 2012\Projects\JawsProject3\JawsProject3\Debug\link.4824.read.1.tlog
\\filestorage1.bth.se\students\20122\chmf12\Visual Studio 2012\Projects\JawsProject3\JawsProject3\Debug\link.4824.write.1.tlog
\\filestorage1.bth.se\students\20122\chmf12\Visual Studio 2012\Projects\JawsProject3\JawsProject3\Debug\link.5072-cvtres.read.1.tlog
\\filestorage1.bth.se\students\20122\chmf12\Visual Studio 2012\Projects\JawsProject3\JawsProject3\Debug\link.5072-cvtres.write.1.tlog
\\filestorage1.bth.se\students\20122\chmf12\Visual Studio 2012\Projects\JawsProject3\JawsProject3\Debug\link.5072-rc.read.1.tlog
\\filestorage1.bth.se\students\20122\chmf12\Visual Studio 2012\Projects\JawsProject3\JawsProject3\Debug\link.5072-rc.write.1.tlog
\\filestorage1.bth.se\students\20122\chmf12\Visual Studio 2012\Projects\JawsProject3\JawsProject3\Debug\link.5072.read.1.tlog
\\filestorage1.bth.se\students\20122\chmf12\Visual Studio 2012\Projects\JawsProject3\JawsProject3\Debug\link.5072.write.1.tlog
\\filestorage1.bth.se\students\20122\chmf12\Visual Studio 2012\Projects\JawsProject3\JawsProject3\Debug\link.command.1.tlog
\\filestorage1.bth.se\students\20122\chmf12\Visual Studio 2012\Projects\JawsProject3\JawsProject3\Debug\link.read.1.tlog
\\filestorage1.bth.se\students\20122\chmf12\Visual Studio 2012\Projects\JawsProject3\JawsProject3\Debug\link.write.1.tlog
\\filestorage1.bth.se\students\20122\chmf12\Visual Studio 2012\Projects\JawsProject3\JawsProject3\Debug\link.3140-rc.read.1.tlog
\\filestorage1.bth.se\students\20122\chmf12\Visual Studio 2012\Projects\JawsProject3\JawsProject3\Debug\link.3140-rc.write.1.tlog
\\filestorage1.bth.se\students\20122\chmf12\Visual Studio 2012\Projects\JawsProject3\JawsProject3\Debug\link.3140-cvtres.read.1.tlog
\\filestorage1.bth.se\students\20122\chmf12\Visual Studio 2012\Projects\JawsProject3\JawsProject3\Debug\link.3140-cvtres.write.1.tlog
\\filestorage1.bth.se\students\20122\chmf12\Visual Studio 2012\Projects\JawsProject3\JawsProject3\Debug\link.3140.read.1.tlog
\\filestorage1.bth.se\students\20122\chmf12\Visual Studio 2012\Projects\JawsProject3\JawsProject3\Debug\link.3140.write.1.tlog
\\filestorage1.bth.se\students\20122\chmf12\Visual Studio 2012\Projects\JawsProject3\JawsProject3\Debug\link.4608-rc.read.1.tlog
\\filestorage1.bth.se\students\20122\chmf12\Visual Studio 2012\Projects\JawsProject3\JawsProject3\Debug\link.4608-rc.write.1.tlog
\\filestorage1.bth.se\students\20122\chmf12\Visual Studio 2012\Projects\JawsProject3\JawsProject3\Debug\link.4608-cvtres.read.1.tlog
\\filestorage1.bth.se\students\20122\chmf12\Visual Studio 2012\Projects\JawsProject3\JawsProject3\Debug\link.4608-cvtres.write.1.tlog
\\filestorage1.bth.se\students\20122\chmf12\Visual Studio 2012\Projects\JawsProject3\JawsProject3\Debug\link.4608.read.1.tlog
\\filestorage1.bth.se\students\20122\chmf12\Visual Studio 2012\Projects\JawsProject3\JawsProject3\Debug\link.4608.write.1.tlog
\\filestorage1.bth.se\students\20122\chmf12\Visual Studio 2012\Projects\JawsProject3\JawsProject3\Debug\link.4304-rc.read.1.tlog
\\filestorage1.bth.se\students\20122\chmf12\Visual Studio 2012\Projects\JawsProject3\JawsProject3\Debug\link.4304-rc.write.1.tlog
\\filestorage1.bth.se\students\20122\chmf12\Visual Studio 2012\Projects\JawsProject3\JawsProject3\Debug\link.4304-cvtres.read.1.tlog
\\filestorage1.bth.se\students\20122\chmf12\Visual Studio 2012\Projects\JawsProject3\JawsProject3\Debug\link.4304-cvtres.write.1.tlog
\\filestorage1.bth.se\students\20122\chmf12\Visual Studio 2012\Projects\JawsProject3\JawsProject3\Debug\link.4304.read.1.tlog
\\filestorage1.bth.se\students\20122\chmf12\Visual Studio 2012\Projects\JawsProject3\JawsProject3\Debug\link.4304.write.1.tlog
\\filestorage1.bth.se\students\20122\chmf12\Visual Studio 2012\Projects\JawsProject3\JawsProject3\Debug\link.1740-rc.read.1.tlog
\\filestorage1.bth.se\students\20122\chmf12\Visual Studio 2012\Projects\JawsProject3\JawsProject3\Debug\link.1740-rc.write.1.tlog
\\filestorage1.bth.se\students\20122\chmf12\Visual Studio 2012\Projects\JawsProject3\JawsProject3\Debug\link.1740-cvtres.read.1.tlog
\\filestorage1.bth.se\students\20122\chmf12\Visual Studio 2012\Projects\JawsProject3\JawsProject3\Debug\link.1740-cvtres.write.1.tlog
\\filestorage1.bth.se\students\20122\chmf12\Visual Studio 2012\Projects\JawsProject3\JawsProject3\Debug\link.1740.read.1.tlog
\\filestorage1.bth.se\students\20122\chmf12\Visual Studio 2012\Projects\JawsProject3\JawsProject3\Debug\link.1740.write.1.tlog
\\filestorage1.bth.se\students\20122\chmf12\Visual Studio 2012\Projects\JawsProject3\JawsProject3\Debug\link.3172-rc.read.1.tlog
\\filestorage1.bth.se\students\20122\chmf12\Visual Studio 2012\Projects\JawsProject3\JawsProject3\Debug\link.3172-rc.write.1.tlog
\\filestorage1.bth.se\students\20122\chmf12\Visual Studio 2012\Projects\JawsProject3\JawsProject3\Debug\link.3172-cvtres.read.1.tlog
\\filestorage1.bth.se\students\20122\chmf12\Visual Studio 2012\Projects\JawsProject3\JawsProject3\Debug\link.3172-cvtres.write.1.tlog
\\filestorage1.bth.se\students\20122\chmf12\Visual Studio 2012\Projects\JawsProject3\JawsProject3\Debug\link.3172.read.1.tlog
\\filestorage1.bth.se\students\20122\chmf12\Visual Studio 2012\Projects\JawsProject3\JawsProject3\Debug\link.3172.write.1.tlog
\\filestorage1.bth.se\students\20122\chmf12\Visual Studio 2012\Projects\JawsProject3\JawsProject3\Debug\link.4440-rc.read.1.tlog
\\filestorage1.bth.se\students\20122\chmf12\Visual Studio 2012\Projects\JawsProject3\JawsProject3\Debug\link.4440-rc.write.1.tlog
\\filestorage1.bth.se\students\20122\chmf12\Visual Studio 2012\Projects\JawsProject3\JawsProject3\Debug\link.4440-cvtres.read.1.tlog
\\filestorage1.bth.se\students\20122\chmf12\Visual Studio 2012\Projects\JawsProject3\JawsProject3\Debug\link.4440-cvtres.write.1.tlog
\\filestorage1.bth.se\students\20122\chmf12\Visual Studio 2012\Projects\JawsProject3\JawsProject3\Debug\link.4440.read.1.tlog
\\filestorage1.bth.se\students\20122\chmf12\Visual Studio 2012\Projects\JawsProject3\JawsProject3\Debug\link.4440.write.1.tlog
\\filestorage1.bth.se\students\20122\chmf12\Visual Studio 2012\Projects\JawsProject3\JawsProject3\Debug\link.3376-rc.read.1.tlog
\\filestorage1.bth.se\students\20122\chmf12\Visual Studio 2012\Projects\JawsProject3\JawsProject3\Debug\link.3376-rc.write.1.tlog
\\filestorage1.bth.se\students\20122\chmf12\Visual Studio 2012\Projects\JawsProject3\JawsProject3\Debug\link.3376-cvtres.read.1.tlog
\\filestorage1.bth.se\students\20122\chmf12\Visual Studio 2012\Projects\JawsProject3\JawsProject3\Debug\link.3376-cvtres.write.1.tlog
\\filestorage1.bth.se\students\20122\chmf12\Visual Studio 2012\Projects\JawsProject3\JawsProject3\Debug\link.3376.read.1.tlog
\\filestorage1.bth.se\students\20122\chmf12\Visual Studio 2012\Projects\JawsProject3\JawsProject3\Debug\link.3376.write.1.tlog
\\filestorage1.bth.se\students\20122\chmf12\Visual Studio 2012\Projects\JawsProject3\JawsProject3\Debug\link.4572-rc.read.1.tlog
\\filestorage1.bth.se\students\20122\chmf12\Visual Studio 2012\Projects\JawsProject3\JawsProject3\Debug\link.4572-rc.write.1.tlog
\\filestorage1.bth.se\students\20122\chmf12\Visual Studio 2012\Projects\JawsProject3\JawsProject3\Debug\link.4572-cvtres.read.1.tlog
\\filestorage1.bth.se\students\20122\chmf12\Visual Studio 2012\Projects\JawsProject3\JawsProject3\Debug\link.4572-cvtres.write.1.tlog
\\filestorage1.bth.se\students\20122\chmf12\Visual Studio 2012\Projects\JawsProject3\JawsProject3\Debug\link.4572.read.1.tlog
\\filestorage1.bth.se\students\20122\chmf12\Visual Studio 2012\Projects\JawsProject3\JawsProject3\Debug\link.4572.write.1.tlog
\\filestorage1.bth.se\students\20122\chmf12\Visual Studio 2012\Projects\JawsProject3\JawsProject3\Debug\link.2100-rc.read.1.tlog
\\filestorage1.bth.se\students\20122\chmf12\Visual Studio 2012\Projects\JawsProject3\JawsProject3\Debug\link.2100-rc.write.1.tlog
\\filestorage1.bth.se\students\20122\chmf12\Visual Studio 2012\Projects\JawsProject3\JawsProject3\Debug\link.2100-cvtres.read.1.tlog
\\filestorage1.bth.se\students\20122\chmf12\Visual Studio 2012\Projects\JawsProject3\JawsProject3\Debug\link.2100-cvtres.write.1.tlog
\\filestorage1.bth.se\students\20122\chmf12\Visual Studio 2012\Projects\JawsProject3\JawsProject3\Debug\link.2100.read.1.tlog
\\filestorage1.bth.se\students\20122\chmf12\Visual Studio 2012\Projects\JawsProject3\JawsProject3\Debug\link.2100.write.1.tlog
\\filestorage1.bth.se\students\20122\chmf12\Visual Studio 2012\Projects\JawsProject3\JawsProject3\Debug\link.3136-rc.read.1.tlog
\\filestorage1.bth.se\students\20122\chmf12\Visual Studio 2012\Projects\JawsProject3\JawsProject3\Debug\link.3136-rc.write.1.tlog
\\filestorage1.bth.se\students\20122\chmf12\Visual Studio 2012\Projects\JawsProject3\JawsProject3\Debug\link.3136-cvtres.read.1.tlog
\\filestorage1.bth.se\students\20122\chmf12\Visual Studio 2012\Projects\JawsProject3\JawsProject3\Debug\link.3136-cvtres.write.1.tlog
\\filestorage1.bth.se\students\20122\chmf12\Visual Studio 2012\Projects\JawsProject3\JawsProject3\Debug\link.3136.read.1.tlog
\\filestorage1.bth.se\students\20122\chmf12\Visual Studio 2012\Projects\JawsProject3\JawsProject3\Debug\link.3136.write.1.tlog
\\filestorage1.bth.se\students\20122\chmf12\Visual Studio 2012\Projects\JawsProject3\JawsProject3\Debug\link.4536-rc.read.1.tlog
\\filestorage1.bth.se\students\20122\chmf12\Visual Studio 2012\Projects\JawsProject3\JawsProject3\Debug\link.4536-rc.write.1.tlog
\\filestorage1.bth.se\students\20122\chmf12\Visual Studio 2012\Projects\JawsProject3\JawsProject3\Debug\link.4536-cvtres.read.1.tlog
\\filestorage1.bth.se\students\20122\chmf12\Visual Studio 2012\Projects\JawsProject3\JawsProject3\Debug\link.4536-cvtres.write.1.tlog
\\filestorage1.bth.se\students\20122\chmf12\Visual Studio 2012\Projects\JawsProject3\JawsProject3\Debug\link.4536.read.1.tlog
\\filestorage1.bth.se\students\20122\chmf12\Visual Studio 2012\Projects\JawsProject3\JawsProject3\Debug\link.4536.write.1.tlog
\\filestorage1.bth.se\students\20122\chmf12\Visual Studio 2012\Projects\JawsProject3\JawsProject3\Debug\link.2920-rc.read.1.tlog
\\filestorage1.bth.se\students\20122\chmf12\Visual Studio 2012\Projects\JawsProject3\JawsProject3\Debug\link.2920-rc.write.1.tlog
\\filestorage1.bth.se\students\20122\chmf12\Visual Studio 2012\Projects\JawsProject3\JawsProject3\Debug\link.2920-cvtres.read.1.tlog
\\filestorage1.bth.se\students\20122\chmf12\Visual Studio 2012\Projects\JawsProject3\JawsProject3\Debug\link.2920-cvtres.write.1.tlog
\\filestorage1.bth.se\students\20122\chmf12\Visual Studio 2012\Projects\JawsProject3\JawsProject3\Debug\link.2920.read.1.tlog
\\filestorage1.bth.se\students\20122\chmf12\Visual Studio 2012\Projects\JawsProject3\JawsProject3\Debug\link.2920.write.1.tlog
\\filestorage1.bth.se\students\20122\chmf12\Visual Studio 2012\Projects\JawsProject3\JawsProject3\Debug\vc110.idb
\\filestorage1.bth.se\students\20122\chmf12\Visual Studio 2012\Projects\JawsProject3\JawsProject3\Debug\vc110.pdb
\\filestorage1.bth.se\students\20122\chmf12\Visual Studio 2012\Projects\JawsProject3\Debug\JawsProject3.pdb
\\filestorage1.bth.se\students\20122\chmf12\Visual Studio 2012\Projects\JawsProject3\Debug\JawsProject3.exe
\\filestorage1.bth.se\students\20122\chmf12\Visual Studio 2012\Projects\JawsProject3\Debug\JawsProject3.ilk
